# JRE version: Java(TM) SE Runtime Environment (8.0_162-b12) (build 1.8.0_162-b12)
# Java VM: Java HotSpot(TM) 64-Bit Server VM (25.162-b12 mixed mode windows-amd64 compressed oops)
Heap:
 PSYoungGen      total 7168K, used 2440K [0x00000000ead00000, 0x00000000ebd00000, 0x0000000100000000)
  eden space 5632K, 16% used [0x00000000ead00000,0x00000000eade7568,0x00000000eb280000)
  from space 1536K, 98% used [0x00000000eb280000,0x00000000eb3fae78,0x00000000eb400000)
  to   space 2560K, 0% used [0x00000000eba80000,0x00000000eba80000,0x00000000ebd00000)
 ParOldGen       total 5632K, used 3227K [0x00000000c0600000, 0x00000000c0b80000, 0x00000000ead00000)
  object space 5632K, 57% used [0x00000000c0600000,0x00000000c0926c20,0x00000000c0b80000)
 Metaspace       used 7257K, capacity 8084K, committed 8448K, reserved 1056768K
  class space    used 889K, capacity 912K, committed 1024K, reserved 1048576K
GC Heap History (10 events):
Event: 3.636 GC heap before
{Heap before GC invocations=3 (full 0):
 PSYoungGen      total 2048K, used 2048K [0x00000000ead00000, 0x00000000eb100000, 0x0000000100000000)
  eden space 1536K, 100% used [0x00000000ead00000,0x00000000eae80000,0x00000000eae80000)
  from space 512K, 100% used [0x00000000eaf00000,0x00000000eaf80000,0x00000000eaf80000)
  to   space 512K, 0% used [0x00000000eae80000,0x00000000eae80000,0x00000000eaf00000)
 ParOldGen       total 5632K, used 128K [0x00000000c0600000, 0x00000000c0b80000, 0x00000000ead00000)
  object space 5632K, 2% used [0x00000000c0600000,0x00000000c0620000,0x00000000c0b80000)
 Metaspace       used 4533K, capacity 5772K, committed 6016K, reserved 1056768K
  class space    used 554K, capacity 584K, committed 640K, reserved 1048576K
Event: 3.640 GC heap after
Heap after GC invocations=3 (full 0):
 PSYoungGen      total 2048K, used 480K [0x00000000ead00000, 0x00000000eb100000, 0x0000000100000000)
  eden space 1536K, 0% used [0x00000000ead00000,0x00000000ead00000,0x00000000eae80000)
  from space 512K, 93% used [0x00000000eae80000,0x00000000eaef8010,0x00000000eaf00000)
  to   space 512K, 0% used [0x00000000eb080000,0x00000000eb080000,0x00000000eb100000)
 ParOldGen       total 5632K, used 572K [0x00000000c0600000, 0x00000000c0b80000, 0x00000000ead00000)
  object space 5632K, 10% used [0x00000000c0600000,0x00000000c068f040,0x00000000c0b80000)
 Metaspace       used 4533K, capacity 5772K, committed 6016K, reserved 1056768K
  class space    used 554K, capacity 584K, committed 640K, reserved 1048576K
}
Event: 3.848 GC heap before
{Heap before GC invocations=4 (full 0):
 PSYoungGen      total 2048K, used 1953K [0x00000000ead00000, 0x00000000eb100000, 0x0000000100000000)
  eden space 1536K, 95% used [0x00000000ead00000,0x00000000eae704a8,0x00000000eae80000)
  from space 512K, 93% used [0x00000000eae80000,0x00000000eaef8010,0x00000000eaf00000)
  to   space 512K, 0% used [0x00000000eb080000,0x00000000eb080000,0x00000000eb100000)
 ParOldGen       total 5632K, used 572K [0x00000000c0600000, 0x00000000c0b80000, 0x00000000ead00000)
  object space 5632K, 10% used [0x00000000c0600000,0x00000000c068f040,0x00000000c0b80000)
 Metaspace       used 5016K, capacity 6220K, committed 6400K, reserved 1056768K
  class space    used 614K, capacity 648K, committed 768K, reserved 1048576K
Event: 3.852 GC heap after
Heap after GC invocations=4 (full 0):
 PSYoungGen      total 3584K, used 511K [0x00000000ead00000, 0x00000000eb100000, 0x0000000100000000)
  eden space 3072K, 0% used [0x00000000ead00000,0x00000000ead00000,0x00000000eb000000)
  from space 512K, 99% used [0x00000000eb080000,0x00000000eb0ffc20,0x00000000eb100000)
  to   space 512K, 0% used [0x00000000eb000000,0x00000000eb000000,0x00000000eb080000)
 ParOldGen       total 5632K, used 660K [0x00000000c0600000, 0x00000000c0b80000, 0x00000000ead00000)
  object space 5632K, 11% used [0x00000000c0600000,0x00000000c06a5050,0x00000000c0b80000)
 Metaspace       used 5016K, capacity 6220K, committed 6400K, reserved 1056768K
  class space    used 614K, capacity 648K, committed 768K, reserved 1048576K
}
Event: 4.195 GC heap before
{Heap before GC invocations=5 (full 0):
 PSYoungGen      total 3584K, used 3583K [0x00000000ead00000, 0x00000000eb100000, 0x0000000100000000)
  eden space 3072K, 100% used [0x00000000ead00000,0x00000000eb000000,0x00000000eb000000)
  from space 512K, 99% used [0x00000000eb080000,0x00000000eb0ffc20,0x00000000eb100000)
  to   space 512K, 0% used [0x00000000eb000000,0x00000000eb000000,0x00000000eb080000)
 ParOldGen       total 5632K, used 660K [0x00000000c0600000, 0x00000000c0b80000, 0x00000000ead00000)
  object space 5632K, 11% used [0x00000000c0600000,0x00000000c06a5050,0x00000000c0b80000)
 Metaspace       used 6058K, capacity 7182K, committed 7552K, reserved 1056768K
  class space    used 758K, capacity 778K, committed 896K, reserved 1048576K
Event: 4.198 GC heap after
Heap after GC invocations=5 (full 0):
 PSYoungGen      total 3584K, used 480K [0x00000000ead00000, 0x00000000eb500000, 0x0000000100000000)
  eden space 3072K, 0% used [0x00000000ead00000,0x00000000ead00000,0x00000000eb000000)
  from space 512K, 93% used [0x00000000eb000000,0x00000000eb078010,0x00000000eb080000)
  to   space 1024K, 0% used [0x00000000eb400000,0x00000000eb400000,0x00000000eb500000)
 ParOldGen       total 5632K, used 975K [0x00000000c0600000, 0x00000000c0b80000, 0x00000000ead00000)
  object space 5632K, 17% used [0x00000000c0600000,0x00000000c06f3f48,0x00000000c0b80000)
 Metaspace       used 6058K, capacity 7182K, committed 7552K, reserved 1056768K
  class space    used 758K, capacity 778K, committed 896K, reserved 1048576K
}
Event: 5.317 GC heap before
{Heap before GC invocations=6 (full 0):
 PSYoungGen      total 3584K, used 3552K [0x00000000ead00000, 0x00000000eb500000, 0x0000000100000000)
  eden space 3072K, 100% used [0x00000000ead00000,0x00000000eb000000,0x00000000eb000000)
  from space 512K, 93% used [0x00000000eb000000,0x00000000eb078010,0x00000000eb080000)
  to   space 1024K, 0% used [0x00000000eb400000,0x00000000eb400000,0x00000000eb500000)
 ParOldGen       total 5632K, used 975K [0x00000000c0600000, 0x00000000c0b80000, 0x00000000ead00000)
  object space 5632K, 17% used [0x00000000c0600000,0x00000000c06f3f48,0x00000000c0b80000)
 Metaspace       used 7226K, capacity 8084K, committed 8448K, reserved 1056768K
  class space    used 886K, capacity 912K, committed 1024K, reserved 1048576K
Event: 5.328 GC heap after
Heap after GC invocations=6 (full 0):
 PSYoungGen      total 6656K, used 1016K [0x00000000ead00000, 0x00000000eb600000, 0x0000000100000000)
  eden space 5632K, 0% used [0x00000000ead00000,0x00000000ead00000,0x00000000eb280000)
  from space 1024K, 99% used [0x00000000eb400000,0x00000000eb4fe0a0,0x00000000eb500000)
  to   space 1536K, 0% used [0x00000000eb280000,0x00000000eb280000,0x00000000eb400000)
 ParOldGen       total 5632K, used 1090K [0x00000000c0600000, 0x00000000c0b80000, 0x00000000ead00000)
  object space 5632K, 19% used [0x00000000c0600000,0x00000000c0710be0,0x00000000c0b80000)
 Metaspace       used 7226K, capacity 8084K, committed 8448K, reserved 1056768K
  class space    used 886K, capacity 912K, committed 1024K, reserved 1048576K
}
Event: 5.878 GC heap before
{Heap before GC invocations=7 (full 0):
 PSYoungGen      total 6656K, used 6220K [0x00000000ead00000, 0x00000000eb600000, 0x0000000100000000)
  eden space 5632K, 92% used [0x00000000ead00000,0x00000000eb215288,0x00000000eb280000)
  from space 1024K, 99% used [0x00000000eb400000,0x00000000eb4fe0a0,0x00000000eb500000)
  to   space 1536K, 0% used [0x00000000eb280000,0x00000000eb280000,0x00000000eb400000)
 ParOldGen       total 5632K, used 1090K [0x00000000c0600000, 0x00000000c0b80000, 0x00000000ead00000)
  object space 5632K, 19% used [0x00000000c0600000,0x00000000c0710be0,0x00000000c0b80000)
 Metaspace       used 7245K, capacity 8084K, committed 8448K, reserved 1056768K
  class space    used 886K, capacity 912K, committed 1024K, reserved 1048576K
Event: 5.893 GC heap after
Heap after GC invocations=7 (full 0):
 PSYoungGen      total 7168K, used 1515K [0x00000000ead00000, 0x00000000ebd00000, 0x0000000100000000)
  eden space 5632K, 0% used [0x00000000ead00000,0x00000000ead00000,0x00000000eb280000)
  from space 1536K, 98% used [0x00000000eb280000,0x00000000eb3fae78,0x00000000eb400000)
  to   space 2560K, 0% used [0x00000000eba80000,0x00000000eba80000,0x00000000ebd00000)
 ParOldGen       total 5632K, used 3227K [0x00000000c0600000, 0x00000000c0b80000, 0x00000000ead00000)
  object space 5632K, 57% used [0x00000000c0600000,0x00000000c0926c20,0x00000000c0b80000)
 Metaspace       used 7245K, capacity 8084K, committed 8448K, reserved 1056768K
  class space    used 886K, capacity 912K, committed 1024K, reserved 1048576K
}

