# JRE version: Java(TM) SE Runtime Environment (8.0_162-b12) (build 1.8.0_162-b12)
# Java VM: Java HotSpot(TM) 64-Bit Server VM (25.162-b12 mixed mode windows-amd64 compressed oops)
Heap:
 PSYoungGen      total 8192K, used 2644K [0x00000000ead00000, 0x00000000ebd00000, 0x0000000100000000)
  eden space 5632K, 1% used [0x00000000ead00000,0x00000000ead1bec0,0x00000000eb280000)
  from space 2560K, 98% used [0x00000000eba80000,0x00000000ebcf92d8,0x00000000ebd00000)
  to   space 1536K, 0% used [0x00000000eb280000,0x00000000eb280000,0x00000000eb400000)
 ParOldGen       total 5632K, used 3892K [0x00000000c0600000, 0x00000000c0b80000, 0x00000000ead00000)
  object space 5632K, 69% used [0x00000000c0600000,0x00000000c09cd3f8,0x00000000c0b80000)
 Metaspace       used 8038K, capacity 8756K, committed 8960K, reserved 1056768K
  class space    used 982K, capacity 1008K, committed 1024K, reserved 1048576K
GC Heap History (10 events):
Event: 1.769 GC heap after
Heap after GC invocations=3 (full 0):
 PSYoungGen      total 2048K, used 480K [0x00000000ead00000, 0x00000000eb100000, 0x0000000100000000)
  eden space 1536K, 0% used [0x00000000ead00000,0x00000000ead00000,0x00000000eae80000)
  from space 512K, 93% used [0x00000000eae80000,0x00000000eaef8010,0x00000000eaf00000)
  to   space 512K, 0% used [0x00000000eb080000,0x00000000eb080000,0x00000000eb100000)
 ParOldGen       total 5632K, used 556K [0x00000000c0600000, 0x00000000c0b80000, 0x00000000ead00000)
  object space 5632K, 9% used [0x00000000c0600000,0x00000000c068b040,0x00000000c0b80000)
 Metaspace       used 4534K, capacity 5772K, committed 6016K, reserved 1056768K
  class space    used 555K, capacity 584K, committed 640K, reserved 1048576K
}
Event: 1.952 GC heap before
{Heap before GC invocations=4 (full 0):
 PSYoungGen      total 2048K, used 1955K [0x00000000ead00000, 0x00000000eb100000, 0x0000000100000000)
  eden space 1536K, 96% used [0x00000000ead00000,0x00000000eae70db8,0x00000000eae80000)
  from space 512K, 93% used [0x00000000eae80000,0x00000000eaef8010,0x00000000eaf00000)
  to   space 512K, 0% used [0x00000000eb080000,0x00000000eb080000,0x00000000eb100000)
 ParOldGen       total 5632K, used 556K [0x00000000c0600000, 0x00000000c0b80000, 0x00000000ead00000)
  object space 5632K, 9% used [0x00000000c0600000,0x00000000c068b040,0x00000000c0b80000)
 Metaspace       used 5020K, capacity 6220K, committed 6400K, reserved 1056768K
  class space    used 615K, capacity 648K, committed 768K, reserved 1048576K
Event: 1.955 GC heap after
Heap after GC invocations=4 (full 0):
 PSYoungGen      total 3584K, used 511K [0x00000000ead00000, 0x00000000eb100000, 0x0000000100000000)
  eden space 3072K, 0% used [0x00000000ead00000,0x00000000ead00000,0x00000000eb000000)
  from space 512K, 99% used [0x00000000eb080000,0x00000000eb0ffc20,0x00000000eb100000)
  to   space 512K, 0% used [0x00000000eb000000,0x00000000eb000000,0x00000000eb080000)
 ParOldGen       total 5632K, used 644K [0x00000000c0600000, 0x00000000c0b80000, 0x00000000ead00000)
  object space 5632K, 11% used [0x00000000c0600000,0x00000000c06a1050,0x00000000c0b80000)
 Metaspace       used 5020K, capacity 6220K, committed 6400K, reserved 1056768K
  class space    used 615K, capacity 648K, committed 768K, reserved 1048576K
}
Event: 2.292 GC heap before
{Heap before GC invocations=5 (full 0):
 PSYoungGen      total 3584K, used 3583K [0x00000000ead00000, 0x00000000eb100000, 0x0000000100000000)
  eden space 3072K, 100% used [0x00000000ead00000,0x00000000eb000000,0x00000000eb000000)
  from space 512K, 99% used [0x00000000eb080000,0x00000000eb0ffc20,0x00000000eb100000)
  to   space 512K, 0% used [0x00000000eb000000,0x00000000eb000000,0x00000000eb080000)
 ParOldGen       total 5632K, used 644K [0x00000000c0600000, 0x00000000c0b80000, 0x00000000ead00000)
  object space 5632K, 11% used [0x00000000c0600000,0x00000000c06a1050,0x00000000c0b80000)
 Metaspace       used 6058K, capacity 7182K, committed 7552K, reserved 1056768K
  class space    used 758K, capacity 778K, committed 896K, reserved 1048576K
Event: 2.295 GC heap after
Heap after GC invocations=5 (full 0):
 PSYoungGen      total 3584K, used 496K [0x00000000ead00000, 0x00000000eb500000, 0x0000000100000000)
  eden space 3072K, 0% used [0x00000000ead00000,0x00000000ead00000,0x00000000eb000000)
  from space 512K, 96% used [0x00000000eb000000,0x00000000eb07c020,0x00000000eb080000)
  to   space 1024K, 0% used [0x00000000eb400000,0x00000000eb400000,0x00000000eb500000)
 ParOldGen       total 5632K, used 948K [0x00000000c0600000, 0x00000000c0b80000, 0x00000000ead00000)
  object space 5632K, 16% used [0x00000000c0600000,0x00000000c06ed050,0x00000000c0b80000)
 Metaspace       used 6058K, capacity 7182K, committed 7552K, reserved 1056768K
  class space    used 758K, capacity 778K, committed 896K, reserved 1048576K
}
Event: 3.152 GC heap before
{Heap before GC invocations=6 (full 0):
 PSYoungGen      total 3584K, used 3524K [0x00000000ead00000, 0x00000000eb500000, 0x0000000100000000)
  eden space 3072K, 98% used [0x00000000ead00000,0x00000000eaff50a8,0x00000000eb000000)
  from space 512K, 96% used [0x00000000eb000000,0x00000000eb07c020,0x00000000eb080000)
  to   space 1024K, 0% used [0x00000000eb400000,0x00000000eb400000,0x00000000eb500000)
 ParOldGen       total 5632K, used 948K [0x00000000c0600000, 0x00000000c0b80000, 0x00000000ead00000)
  object space 5632K, 16% used [0x00000000c0600000,0x00000000c06ed050,0x00000000c0b80000)
 Metaspace       used 7221K, capacity 8084K, committed 8448K, reserved 1056768K
  class space    used 885K, capacity 912K, committed 1024K, reserved 1048576K
Event: 3.163 GC heap after
Heap after GC invocations=6 (full 0):
 PSYoungGen      total 6656K, used 1008K [0x00000000ead00000, 0x00000000eb600000, 0x0000000100000000)
  eden space 5632K, 0% used [0x00000000ead00000,0x00000000ead00000,0x00000000eb280000)
  from space 1024K, 98% used [0x00000000eb400000,0x00000000eb4fc020,0x00000000eb500000)
  to   space 1536K, 0% used [0x00000000eb280000,0x00000000eb280000,0x00000000eb400000)
 ParOldGen       total 5632K, used 1056K [0x00000000c0600000, 0x00000000c0b80000, 0x00000000ead00000)
  object space 5632K, 18% used [0x00000000c0600000,0x00000000c07080c0,0x00000000c0b80000)
 Metaspace       used 7221K, capacity 8084K, committed 8448K, reserved 1056768K
  class space    used 885K, capacity 912K, committed 1024K, reserved 1048576K
}
Event: 3.645 GC heap before
{Heap before GC invocations=7 (full 0):
 PSYoungGen      total 6656K, used 6208K [0x00000000ead00000, 0x00000000eb600000, 0x0000000100000000)
  eden space 5632K, 92% used [0x00000000ead00000,0x00000000eb214260,0x00000000eb280000)
  from space 1024K, 98% used [0x00000000eb400000,0x00000000eb4fc020,0x00000000eb500000)
  to   space 1536K, 0% used [0x00000000eb280000,0x00000000eb280000,0x00000000eb400000)
 ParOldGen       total 5632K, used 1056K [0x00000000c0600000, 0x00000000c0b80000, 0x00000000ead00000)
  object space 5632K, 18% used [0x00000000c0600000,0x00000000c07080c0,0x00000000c0b80000)
 Metaspace       used 7243K, capacity 8084K, committed 8448K, reserved 1056768K
  class space    used 886K, capacity 912K, committed 1024K, reserved 1048576K
Event: 3.660 GC heap after
Heap after GC invocations=7 (full 0):
 PSYoungGen      total 7168K, used 1527K [0x00000000ead00000, 0x00000000ebd00000, 0x0000000100000000)
  eden space 5632K, 0% used [0x00000000ead00000,0x00000000ead00000,0x00000000eb280000)
  from space 1536K, 99% used [0x00000000eb280000,0x00000000eb3fde68,0x00000000eb400000)
  to   space 2560K, 0% used [0x00000000eba80000,0x00000000eba80000,0x00000000ebd00000)
 ParOldGen       total 5632K, used 3164K [0x00000000c0600000, 0x00000000c0b80000, 0x00000000ead00000)
  object space 5632K, 56% used [0x00000000c0600000,0x00000000c09173e8,0x00000000c0b80000)
 Metaspace       used 7243K, capacity 8084K, committed 8448K, reserved 1056768K
  class space    used 886K, capacity 912K, committed 1024K, reserved 1048576K
}
Event: 4.173 GC heap before
{Heap before GC invocations=8 (full 0):
 PSYoungGen      total 7168K, used 7159K [0x00000000ead00000, 0x00000000ebd00000, 0x0000000100000000)
  eden space 5632K, 100% used [0x00000000ead00000,0x00000000eb280000,0x00000000eb280000)
  from space 1536K, 99% used [0x00000000eb280000,0x00000000eb3fde68,0x00000000eb400000)
  to   space 2560K, 0% used [0x00000000eba80000,0x00000000eba80000,0x00000000ebd00000)
 ParOldGen       total 5632K, used 3164K [0x00000000c0600000, 0x00000000c0b80000, 0x00000000ead00000)
  object space 5632K, 56% used [0x00000000c0600000,0x00000000c09173e8,0x00000000c0b80000)
 Metaspace       used 8019K, capacity 8756K, committed 8960K, reserved 1056768K
  class space    used 978K, capacity 1008K, committed 1024K, reserved 1048576K

